#
# There is insufficient memory for the Java Runtime Environment to continue.
# Native memory allocation (malloc) failed to allocate 1048576 bytes for AllocateHeap
# Possible reasons:
#   The system is out of physical RAM or swap space
#   In 32 bit mode, the process size limit was hit
# Possible solutions:
#   Reduce memory load on the system
#   Increase physical memory or swap space
#   Check if swap backing store is full
#   Use 64 bit Java on a 64 bit OS
#   Decrease Java heap size (-Xmx/-Xms)
#   Decrease number of Java threads
#   Decrease Java thread stack sizes (-Xss)
#   Set larger code cache with -XX:ReservedCodeCacheSize=
# This output file may be truncated or incomplete.
#
#  Out of Memory Error (memory/allocation.inline.hpp:61), pid=14496, tid=2816
#
# JRE version:  (8.0_65-b17) (build )
# Java VM: Java HotSpot(TM) 64-Bit Server VM (25.65-b01 mixed mode windows-amd64 compressed oops)
# Failed to write core dump. Minidumps are not enabled by default on client versions of Windows
#

---------------  T H R E A D  ---------------

Current thread (0x000000000470d800):  JavaThread "Unknown thread" [_thread_in_vm, id=2816, stack(0x0000000004710000,0x0000000004810000)]

Stack: [0x0000000004710000,0x0000000004810000]
[error occurred during error reporting (printing stack bounds), id 0xc0000005]

Native frames: (J=compiled Java code, j=interpreted, Vv=VM code, C=native code)


---------------  P R O C E S S  ---------------

Java Threads: ( => current thread )

Other Threads:

=>0x000000000470d800 (exited) JavaThread "Unknown thread" [_thread_in_vm, id=2816, stack(0x0000000004710000,0x0000000004810000)]

VM state:not at safepoint (normal execution)

VM Mutex/Monitor currently owned by a thread: None

Heap:
 PSYoungGen      total 611840K, used 10496K [0x000000076ab00000, 0x0000000795580000, 0x00000007c0000000)
  eden space 524800K, 2% used [0x000000076ab00000,0x000000076b540010,0x000000078ab80000)
  from space 87040K, 0% used [0x0000000790080000,0x0000000790080000,0x0000000795580000)
  to   space 87040K, 0% used [0x000000078ab80000,0x000000078ab80000,0x0000000790080000)
 ParOldGen       total 1398272K, used 0K [0x00000006c0000000, 0x0000000715580000, 0x000000076ab00000)
  object space 1398272K, 0% used [0x00000006c0000000,0x00000006c0000000,0x0000000715580000)
 Metaspace       used 743K, capacity 4480K, committed 4480K, reserved 1056768K
  class space    used 75K, capacity 384K, committed 384K, reserved 1048576K

Card table byte_map: [0x0000000013cd0000,0x00000000144e0000] byte_map_base: 0x00000000106d0000

Marking Bits: (ParMarkBitMap*) 0x000000007713a5b0
 Begin Bits: [0x0000000014e40000, 0x0000000018e40000)
 End Bits:   [0x0000000018e40000, 0x000000001ce40000)

Polling page: 0x0000000002d50000

CodeCache: size=245760Kb used=327Kb max_used=327Kb free=245432Kb
 bounds [0x0000000004910000, 0x0000000004b80000, 0x0000000013910000]
 total_blobs=56 nmethods=0 adapters=37
 compilation: enabled

Compilation events (0 events):
No events

GC Heap History (0 events):
No events

Deoptimization events (0 events):
No events

Internal exceptions (0 events):
No events

Events (10 events):
Event: 0.273 loading class java/lang/Short
Event: 0.273 loading class java/lang/Short done
Event: 0.273 loading class java/lang/Integer
Event: 0.273 loading class java/lang/Integer done
Event: 0.273 loading class java/lang/Long
Event: 0.273 loading class java/lang/Long done
Event: 0.275 loading class java/lang/NullPointerException
Event: 0.275 loading class java/lang/NullPointerException done
Event: 0.275 loading class java/lang/ArithmeticException
Event: 0.275 loading class java/lang/ArithmeticException done


Dynamic libraries:
0x00007ff651c50000 - 0x00007ff651c87000 	C:\Program Files\Java\jre1.8.0_65\bin\javaw.exe
0x00007ffcc0c20000 - 0x00007ffcc0e00000 	C:\WINDOWS\SYSTEM32\ntdll.dll
0x00007ffcb8390000 - 0x00007ffcb83c4000 	C:\Program Files (x86)\AVG\Antivirus\x64\aswhooka.dll
0x00007ffcc03f0000 - 0x00007ffcc049e000 	C:\WINDOWS\System32\KERNEL32.DLL
0x00007ffcbd690000 - 0x00007ffcbd8f6000 	C:\WINDOWS\System32\KERNELBASE.dll
0x00007ffcc08b0000 - 0x00007ffcc0951000 	C:\WINDOWS\System32\ADVAPI32.dll
0x00007ffcbe3d0000 - 0x00007ffcbe46d000 	C:\WINDOWS\System32\msvcrt.dll
0x00007ffcc0960000 - 0x00007ffcc09bb000 	C:\WINDOWS\System32\sechost.dll
0x00007ffcbe200000 - 0x00007ffcbe31f000 	C:\WINDOWS\System32\RPCRT4.dll
0x00007ffcc04a0000 - 0x00007ffcc062f000 	C:\WINDOWS\System32\USER32.dll
0x00007ffcbd980000 - 0x00007ffcbd9a0000 	C:\WINDOWS\System32\win32u.dll
0x00007ffcc01d0000 - 0x00007ffcc01f8000 	C:\WINDOWS\System32\GDI32.dll
0x00007ffcbd3f0000 - 0x00007ffcbd583000 	C:\WINDOWS\System32\gdi32full.dll
0x00007ffcbd080000 - 0x00007ffcbd11b000 	C:\WINDOWS\System32\msvcp_win.dll
0x00007ffcbd590000 - 0x00007ffcbd686000 	C:\WINDOWS\System32\ucrtbase.dll
0x00007ffcb0c90000 - 0x00007ffcb0ef9000 	C:\WINDOWS\WinSxS\amd64_microsoft.windows.common-controls_6595b64144ccf1df_6.0.16299.248_none_15ced204935f55d7\COMCTL32.dll
0x00007ffcbe8c0000 - 0x00007ffcbebc8000 	C:\WINDOWS\System32\combase.dll
0x00007ffcbd900000 - 0x00007ffcbd972000 	C:\WINDOWS\System32\bcryptPrimitives.dll
0x00007ffcc0bc0000 - 0x00007ffcc0bed000 	C:\WINDOWS\System32\IMM32.DLL
0x0000000076770000 - 0x0000000076842000 	C:\Program Files\Java\jre1.8.0_65\bin\msvcr100.dll
0x0000000076930000 - 0x00000000771b9000 	C:\Program Files\Java\jre1.8.0_65\bin\server\jvm.dll
0x00007ffcc0840000 - 0x00007ffcc0848000 	C:\WINDOWS\System32\PSAPI.DLL
0x00007ffcaa3d0000 - 0x00007ffcaa3d9000 	C:\WINDOWS\SYSTEM32\WSOCK32.dll
0x00007ffcc09c0000 - 0x00007ffcc0a2c000 	C:\WINDOWS\System32\WS2_32.dll
0x00007ffcbb0d0000 - 0x00007ffcbb0f3000 	C:\WINDOWS\SYSTEM32\WINMM.dll
0x00007ffcb6cc0000 - 0x00007ffcb6cca000 	C:\WINDOWS\SYSTEM32\VERSION.dll
0x00007ffcbb0a0000 - 0x00007ffcbb0ca000 	C:\WINDOWS\SYSTEM32\WINMMBASE.dll
0x00007ffcbd120000 - 0x00007ffcbd16a000 	C:\WINDOWS\System32\cfgmgr32.dll
0x0000000076920000 - 0x000000007692f000 	C:\Program Files\Java\jre1.8.0_65\bin\verify.dll
0x00000000768f0000 - 0x0000000076919000 	C:\Program Files\Java\jre1.8.0_65\bin\java.dll
0x00000000768d0000 - 0x00000000768e6000 	C:\Program Files\Java\jre1.8.0_65\bin\zip.dll

VM Arguments:
jvm_args: -Xms2048m -Xmx4096m -Dfile.encoding=Cp1252 
java_command: recommender.system.lib.rec.java.maven.RecSysConfigMavenDriver
java_class_path (initial): C:\Users\Windows\Documents\Eclipse_Java_Recommender_System_Maven\target\classes;C:\Users\Windows\.m2\repository\net\librec\librec-core\2.0.0\librec-core-2.0.0.jar;C:\Users\Windows\.m2\repository\commons-logging\commons-logging\1.2\commons-logging-1.2.jar;C:\Users\Windows\.m2\repository\commons-lang\commons-lang\2.6\commons-lang-2.6.jar;C:\Users\Windows\.m2\repository\commons-cli\commons-cli\1.3\commons-cli-1.3.jar;C:\Users\Windows\.m2\repository\com\google\guava\guava\15.0\guava-15.0.jar;C:\Users\Windows\.m2\repository\junit\junit\4.12\junit-4.12.jar;C:\Users\Windows\.m2\repository\org\hamcrest\hamcrest-core\1.3\hamcrest-core-1.3.jar
Launcher Type: SUN_STANDARD

Environment Variables:
JAVA_HOME=C:\Program Files\Java\jdk1.8.0_65
PATH=C:/Program Files/Java/jre1.8.0_65/bin/server;C:/Program Files/Java/jre1.8.0_65/bin;C:/Program Files/Java/jre1.8.0_65/lib/amd64;C:\ProgramData\Oracle\Java\javapath;C:\WINDOWS\system32;C:\WINDOWS;C:\WINDOWS\System32\Wbem;C:\WINDOWS\System32\WindowsPowerShell\v1.0\;C:\Program Files\Hewlett-Packard\SimplePass\;c:\Program Files (x86)\ATI Technologies\ATI.ACE\Core-Static;c:\Program Files\Intel\WiFi\bin\;c:\Program Files\Common Files\Intel\WirelessCommon\;C:\Program Files\Java\jdk1.8.0_65\bin;C:\WINDOWS\system32\config\systemprofile\.dnx\bin;C:\Program Files\Microsoft DNX\Dnvm\;C:\apache-maven-3.3.9\bin;C:\Python27;C:\Python27\Scripts;C:\Program Files (x86)\CMake\bin;C:\Program Files\R\R-3.2.4\bin;C:\RBuildTools\3.3\bin;C:\HashiCorp\Vagrant\bin;C:\cygwin64\bin;C:\Program Files\Git\bin;C:\Windows\SysWOW64\config\systemprofile\.vagrant.d;C:\Program Files\Oracle\VirtualBox\VBoxManage.exe;C:\Program Files\TortoiseGit\bin;C:\Users\Windows\AppData\Local\Microsoft\WindowsApps;;C:\WINDOWS\System32;
USERNAME=Windows
OS=Windows_NT
PROCESSOR_IDENTIFIER=AMD64 Family 21 Model 96 Stepping 1, AuthenticAMD



---------------  S Y S T E M  ---------------

OS: Windows 10.0 , 64 bit Build 16299 (10.0.16299.15)

CPU:total 4 (4 cores per cpu, 1 threads per core) family 21 model 96 stepping 1, cmov, cx8, fxsr, mmx, sse, sse2, sse3, ssse3, sse4.1, sse4.2, popcnt, avx, avx2, aes, clmul, mmxext, 3dnowpref, lzcnt, sse4a, tsc, tscinvbit, tscinv, bmi1

Memory: 4k page, physical 7830648k(3050736k free), swap 9600120k(6656k free)

vm_info: Java HotSpot(TM) 64-Bit Server VM (25.65-b01) for windows-amd64 JRE (1.8.0_65-b17), built on Oct  6 2015 16:39:20 by "java_re" with MS VC++ 10.0 (VS2010)

time: Tue Mar 13 17:01:31 2018
elapsed time: 2 seconds (0d 0h 0m 2s)

